{
  "stats": {
    "suites": 12,
    "tests": 41,
    "passes": 1,
    "pending": 0,
    "failures": 40,
    "start": "2021-06-01T18:24:44.915Z",
    "end": "2021-06-01T18:27:36.793Z",
    "duration": 171878,
    "testsRegistered": 41,
    "passPercent": 2.4390243902439024,
    "pendingPercent": 0,
    "other": 0,
    "hasOther": false,
    "skipped": 0,
    "hasSkipped": false
  },
  "results": [
    {
      "uuid": "e90035b4-d095-4b35-9282-7fe76781e0bd",
      "title": "",
      "fullFile": "cypress/integration/project.spec.js",
      "file": "cypress/integration/project.spec.js",
      "beforeHooks": [],
      "afterHooks": [],
      "tests": [],
      "suites": [
        {
          "uuid": "0e85964f-c458-4896-812d-5bd1ec9aae88",
          "title": "1 - Adicione à página o título \"Paleta de Cores\".",
          "fullFile": "",
          "file": "",
          "beforeHooks": [],
          "afterHooks": [],
          "tests": [
            {
              "title": "Verifica se contém um elemento `h1` com o id `title` com o título correto",
              "fullTitle": "1 - Adicione à página o título \"Paleta de Cores\". Verifica se contém um elemento `h1` com o id `title` com o título correto",
              "timedOut": null,
              "duration": 124,
              "state": "passed",
              "speed": "slow",
              "pass": true,
              "fail": false,
              "pending": false,
              "context": null,
              "code": "cy.get('h1#title').should('contain.text', 'Paleta de Cores');",
              "err": {},
              "uuid": "a51a6a7e-8dff-493a-9cf9-63a27ae2637c",
              "parentUUID": "0e85964f-c458-4896-812d-5bd1ec9aae88",
              "isHook": false,
              "skipped": false
            }
          ],
          "suites": [],
          "passes": [
            "a51a6a7e-8dff-493a-9cf9-63a27ae2637c"
          ],
          "failures": [],
          "pending": [],
          "skipped": [],
          "duration": 124,
          "root": false,
          "rootEmpty": false,
          "_timeout": 2000
        },
        {
          "uuid": "8a50ca17-4f85-4ec2-8948-94f69805ab3e",
          "title": "2 - Adicione à página uma paleta de quatro cores distintas.",
          "fullFile": "",
          "file": "",
          "beforeHooks": [],
          "afterHooks": [],
          "tests": [
            {
              "title": "A paleta de cores deve ser um elemento com `id` denominado `color-palette`",
              "fullTitle": "2 - Adicione à página uma paleta de quatro cores distintas. A paleta de cores deve ser um elemento com `id` denominado `color-palette`",
              "timedOut": null,
              "duration": 4223,
              "state": "failed",
              "speed": null,
              "pass": false,
              "fail": true,
              "pending": false,
              "context": null,
              "code": "cy.get('#color-palette').should('be.visible');",
              "err": {
                "message": "CypressError: Timed out retrying: Expected to find element: '#color-palette', but never found it.",
                "estack": "CypressError: Timed out retrying: Expected to find element: '#color-palette', but never found it.\n    at cypressErr (http://localhost:37013/__cypress/runner/cypress_runner.js:149934:9)\n    at throwErr (http://localhost:37013/__cypress/runner/cypress_runner.js:149867:11)\n    at Object.throwErrByPath (http://localhost:37013/__cypress/runner/cypress_runner.js:149915:3)\n    at retry (http://localhost:37013/__cypress/runner/cypress_runner.js:144197:19)\n    at onFailFn (http://localhost:37013/__cypress/runner/cypress_runner.js:132448:16)\n    at tryCatcher (http://localhost:37013/__cypress/runner/cypress_runner.js:167415:23)\n    at Promise._settlePromiseFromHandler (http://localhost:37013/__cypress/runner/cypress_runner.js:165351:31)\n    at Promise._settlePromise (http://localhost:37013/__cypress/runner/cypress_runner.js:165408:18)\n    at Promise._settlePromise0 (http://localhost:37013/__cypress/runner/cypress_runner.js:165453:10)\n    at Promise._settlePromises (http://localhost:37013/__cypress/runner/cypress_runner.js:165528:18)\n    at Async../node_modules/bluebird/js/release/async.js.Async._drainQueue (http://localhost:37013/__cypress/runner/cypress_runner.js:162140:16)\n    at Async../node_modules/bluebird/js/release/async.js.Async._drainQueues (http://localhost:37013/__cypress/runner/cypress_runner.js:162150:10)\n    at Async.drainQueues (http://localhost:37013/__cypress/runner/cypress_runner.js:162024:14)",
                "diff": null
              },
              "uuid": "c99c7594-83f7-44a3-ace1-fbe7eee3581e",
              "parentUUID": "8a50ca17-4f85-4ec2-8948-94f69805ab3e",
              "isHook": false,
              "skipped": false
            },
            {
              "title": "Verifica se cada cor individual da paleta de cores possui a `classe` chamada `color`.",
              "fullTitle": "2 - Adicione à página uma paleta de quatro cores distintas. Verifica se cada cor individual da paleta de cores possui a `classe` chamada `color`.",
              "timedOut": null,
              "duration": 4281,
              "state": "failed",
              "speed": null,
              "pass": false,
              "fail": true,
              "pending": false,
              "context": null,
              "code": "cy.get('.color').should('have.length', 4).then(function (colors) {\n  for (var i = 0; i < colors.length; i++) {\n    cy.wrap(colors[i]).should('be.visible');\n  }\n});",
              "err": {
                "message": "CypressError: Timed out retrying: Expected to find element: '.color', but never found it.",
                "estack": "CypressError: Timed out retrying: Expected to find element: '.color', but never found it.\n    at cypressErr (http://localhost:37013/__cypress/runner/cypress_runner.js:149934:9)\n    at throwErr (http://localhost:37013/__cypress/runner/cypress_runner.js:149867:11)\n    at Object.throwErrByPath (http://localhost:37013/__cypress/runner/cypress_runner.js:149915:3)\n    at retry (http://localhost:37013/__cypress/runner/cypress_runner.js:144197:19)\n    at onFailFn (http://localhost:37013/__cypress/runner/cypress_runner.js:132448:16)\n    at tryCatcher (http://localhost:37013/__cypress/runner/cypress_runner.js:167415:23)\n    at Promise._settlePromiseFromHandler (http://localhost:37013/__cypress/runner/cypress_runner.js:165351:31)\n    at Promise._settlePromise (http://localhost:37013/__cypress/runner/cypress_runner.js:165408:18)\n    at Promise._settlePromise0 (http://localhost:37013/__cypress/runner/cypress_runner.js:165453:10)\n    at Promise._settlePromises (http://localhost:37013/__cypress/runner/cypress_runner.js:165528:18)\n    at Async../node_modules/bluebird/js/release/async.js.Async._drainQueue (http://localhost:37013/__cypress/runner/cypress_runner.js:162140:16)\n    at Async../node_modules/bluebird/js/release/async.js.Async._drainQueues (http://localhost:37013/__cypress/runner/cypress_runner.js:162150:10)\n    at Async.drainQueues (http://localhost:37013/__cypress/runner/cypress_runner.js:162024:14)",
                "diff": null
              },
              "uuid": "41131e2d-6f61-4004-a649-7aae93082349",
              "parentUUID": "8a50ca17-4f85-4ec2-8948-94f69805ab3e",
              "isHook": false,
              "skipped": false
            },
            {
              "title": "Verifica se a cor de fundo de cada elemento da paleta é a cor que o elemento representa. **A única cor não permitida na paleta é a cor branca.**",
              "fullTitle": "2 - Adicione à página uma paleta de quatro cores distintas. Verifica se a cor de fundo de cada elemento da paleta é a cor que o elemento representa. **A única cor não permitida na paleta é a cor branca.**",
              "timedOut": null,
              "duration": 4223,
              "state": "failed",
              "speed": null,
              "pass": false,
              "fail": true,
              "pending": false,
              "context": null,
              "code": "cy.get('.color').each(function (color) {\n  cy.wrap(color).should('have.class', 'color').and('not.have.css', 'background-color', WHITE);\n  cy.wrap(color).should('have.css', 'background-color');\n});",
              "err": {
                "message": "CypressError: Timed out retrying: Expected to find element: '.color', but never found it.",
                "estack": "CypressError: Timed out retrying: Expected to find element: '.color', but never found it.\n    at cypressErr (http://localhost:37013/__cypress/runner/cypress_runner.js:149934:9)\n    at throwErr (http://localhost:37013/__cypress/runner/cypress_runner.js:149867:11)\n    at Object.throwErrByPath (http://localhost:37013/__cypress/runner/cypress_runner.js:149915:3)\n    at retry (http://localhost:37013/__cypress/runner/cypress_runner.js:144197:19)\n    at onFailFn (http://localhost:37013/__cypress/runner/cypress_runner.js:132448:16)\n    at tryCatcher (http://localhost:37013/__cypress/runner/cypress_runner.js:167415:23)\n    at Promise._settlePromiseFromHandler (http://localhost:37013/__cypress/runner/cypress_runner.js:165351:31)\n    at Promise._settlePromise (http://localhost:37013/__cypress/runner/cypress_runner.js:165408:18)\n    at Promise._settlePromise0 (http://localhost:37013/__cypress/runner/cypress_runner.js:165453:10)\n    at Promise._settlePromises (http://localhost:37013/__cypress/runner/cypress_runner.js:165528:18)\n    at Async../node_modules/bluebird/js/release/async.js.Async._drainQueue (http://localhost:37013/__cypress/runner/cypress_runner.js:162140:16)\n    at Async../node_modules/bluebird/js/release/async.js.Async._drainQueues (http://localhost:37013/__cypress/runner/cypress_runner.js:162150:10)\n    at Async.drainQueues (http://localhost:37013/__cypress/runner/cypress_runner.js:162024:14)",
                "diff": null
              },
              "uuid": "cc5aba86-86f3-495a-8d29-b6dbc343b1f6",
              "parentUUID": "8a50ca17-4f85-4ec2-8948-94f69805ab3e",
              "isHook": false,
              "skipped": false
            },
            {
              "title": "Verifica se cada elemento da paleta de cores tem uma borda preta, sólida e com 1 pixel de largura;",
              "fullTitle": "2 - Adicione à página uma paleta de quatro cores distintas. Verifica se cada elemento da paleta de cores tem uma borda preta, sólida e com 1 pixel de largura;",
              "timedOut": null,
              "duration": 4222,
              "state": "failed",
              "speed": null,
              "pass": false,
              "fail": true,
              "pending": false,
              "context": null,
              "code": "cy.get('.color').each(function (color) {\n  cy.wrap(color).and('have.css', 'border', \"1px solid \".concat(BLACK)).and('have.class', 'color');\n});",
              "err": {
                "message": "CypressError: Timed out retrying: Expected to find element: '.color', but never found it.",
                "estack": "CypressError: Timed out retrying: Expected to find element: '.color', but never found it.\n    at cypressErr (http://localhost:37013/__cypress/runner/cypress_runner.js:149934:9)\n    at throwErr (http://localhost:37013/__cypress/runner/cypress_runner.js:149867:11)\n    at Object.throwErrByPath (http://localhost:37013/__cypress/runner/cypress_runner.js:149915:3)\n    at retry (http://localhost:37013/__cypress/runner/cypress_runner.js:144197:19)\n    at onFailFn (http://localhost:37013/__cypress/runner/cypress_runner.js:132448:16)\n    at tryCatcher (http://localhost:37013/__cypress/runner/cypress_runner.js:167415:23)\n    at Promise._settlePromiseFromHandler (http://localhost:37013/__cypress/runner/cypress_runner.js:165351:31)\n    at Promise._settlePromise (http://localhost:37013/__cypress/runner/cypress_runner.js:165408:18)\n    at Promise._settlePromise0 (http://localhost:37013/__cypress/runner/cypress_runner.js:165453:10)\n    at Promise._settlePromises (http://localhost:37013/__cypress/runner/cypress_runner.js:165528:18)\n    at Async../node_modules/bluebird/js/release/async.js.Async._drainQueue (http://localhost:37013/__cypress/runner/cypress_runner.js:162140:16)\n    at Async../node_modules/bluebird/js/release/async.js.Async._drainQueues (http://localhost:37013/__cypress/runner/cypress_runner.js:162150:10)\n    at Async.drainQueues (http://localhost:37013/__cypress/runner/cypress_runner.js:162024:14)",
                "diff": null
              },
              "uuid": "c0de1303-1261-4ac3-b252-fb17d2a5092d",
              "parentUUID": "8a50ca17-4f85-4ec2-8948-94f69805ab3e",
              "isHook": false,
              "skipped": false
            },
            {
              "title": "Verifica se a paleta lista todas as cores disponíveis para utilização, lado a lado.",
              "fullTitle": "2 - Adicione à página uma paleta de quatro cores distintas. Verifica se a paleta lista todas as cores disponíveis para utilização, lado a lado.",
              "timedOut": null,
              "duration": 4241,
              "state": "failed",
              "speed": null,
              "pass": false,
              "fail": true,
              "pending": false,
              "context": null,
              "code": "cy.get('.color').then(function (colors) {\n  for (var index = 1; index < colors.length; index += 1) {\n    var currentColor = colors[index];\n    var previousColor = colors[index - 1];\n    cy.wrap(currentColor).should('be.onTheRightOf', previousColor).and('be.horizontallyAlignedWith', previousColor);\n  }\n});",
              "err": {
                "message": "CypressError: Timed out retrying: Expected to find element: '.color', but never found it.",
                "estack": "CypressError: Timed out retrying: Expected to find element: '.color', but never found it.\n    at cypressErr (http://localhost:37013/__cypress/runner/cypress_runner.js:149934:9)\n    at throwErr (http://localhost:37013/__cypress/runner/cypress_runner.js:149867:11)\n    at Object.throwErrByPath (http://localhost:37013/__cypress/runner/cypress_runner.js:149915:3)\n    at retry (http://localhost:37013/__cypress/runner/cypress_runner.js:144197:19)\n    at onFailFn (http://localhost:37013/__cypress/runner/cypress_runner.js:132448:16)\n    at tryCatcher (http://localhost:37013/__cypress/runner/cypress_runner.js:167415:23)\n    at Promise._settlePromiseFromHandler (http://localhost:37013/__cypress/runner/cypress_runner.js:165351:31)\n    at Promise._settlePromise (http://localhost:37013/__cypress/runner/cypress_runner.js:165408:18)\n    at Promise._settlePromise0 (http://localhost:37013/__cypress/runner/cypress_runner.js:165453:10)\n    at Promise._settlePromises (http://localhost:37013/__cypress/runner/cypress_runner.js:165528:18)\n    at Async../node_modules/bluebird/js/release/async.js.Async._drainQueue (http://localhost:37013/__cypress/runner/cypress_runner.js:162140:16)\n    at Async../node_modules/bluebird/js/release/async.js.Async._drainQueues (http://localhost:37013/__cypress/runner/cypress_runner.js:162150:10)\n    at Async.drainQueues (http://localhost:37013/__cypress/runner/cypress_runner.js:162024:14)",
                "diff": null
              },
              "uuid": "4f830edf-a41e-4d0e-81d2-3a37c0ff16a5",
              "parentUUID": "8a50ca17-4f85-4ec2-8948-94f69805ab3e",
              "isHook": false,
              "skipped": false
            },
            {
              "title": "Verifica se a paleta de cores está posicionada abaixo do título 'Paleta de Cores'",
              "fullTitle": "2 - Adicione à página uma paleta de quatro cores distintas. Verifica se a paleta de cores está posicionada abaixo do título 'Paleta de Cores'",
              "timedOut": null,
              "duration": 4240,
              "state": "failed",
              "speed": null,
              "pass": false,
              "fail": true,
              "pending": false,
              "context": null,
              "code": "cy.get('h1#title').then(function (title) {\n  cy.get('#color-palette').should('be.belowOf', title);\n});",
              "err": {
                "message": "CypressError: Timed out retrying: Expected to find element: '#color-palette', but never found it.",
                "estack": "CypressError: Timed out retrying: Expected to find element: '#color-palette', but never found it.\n    at cypressErr (http://localhost:37013/__cypress/runner/cypress_runner.js:149934:9)\n    at throwErr (http://localhost:37013/__cypress/runner/cypress_runner.js:149867:11)\n    at Object.throwErrByPath (http://localhost:37013/__cypress/runner/cypress_runner.js:149915:3)\n    at retry (http://localhost:37013/__cypress/runner/cypress_runner.js:144197:19)\n    at onFailFn (http://localhost:37013/__cypress/runner/cypress_runner.js:132448:16)\n    at tryCatcher (http://localhost:37013/__cypress/runner/cypress_runner.js:167415:23)\n    at Promise._settlePromiseFromHandler (http://localhost:37013/__cypress/runner/cypress_runner.js:165351:31)\n    at Promise._settlePromise (http://localhost:37013/__cypress/runner/cypress_runner.js:165408:18)\n    at Promise._settlePromise0 (http://localhost:37013/__cypress/runner/cypress_runner.js:165453:10)\n    at Promise._settlePromises (http://localhost:37013/__cypress/runner/cypress_runner.js:165528:18)\n    at Async../node_modules/bluebird/js/release/async.js.Async._drainQueue (http://localhost:37013/__cypress/runner/cypress_runner.js:162140:16)\n    at Async../node_modules/bluebird/js/release/async.js.Async._drainQueues (http://localhost:37013/__cypress/runner/cypress_runner.js:162150:10)\n    at Async.drainQueues (http://localhost:37013/__cypress/runner/cypress_runner.js:162024:14)",
                "diff": null
              },
              "uuid": "c3a66891-f25a-48a6-be54-3efca005fec6",
              "parentUUID": "8a50ca17-4f85-4ec2-8948-94f69805ab3e",
              "isHook": false,
              "skipped": false
            },
            {
              "title": "Verifica se a paleta de cores não contém cores repetidas.",
              "fullTitle": "2 - Adicione à página uma paleta de quatro cores distintas. Verifica se a paleta de cores não contém cores repetidas.",
              "timedOut": null,
              "duration": 4272,
              "state": "failed",
              "speed": null,
              "pass": false,
              "fail": true,
              "pending": false,
              "context": null,
              "code": "cy.get('.color').then(function (colors) {\n  var allColors = Array.from(colors).map(function (color) {\n    return Cypress.$(color).css('background-color');\n  });\n  cy.log(allColors);\n  var uniqColors = (0, _toConsumableArray2[\"default\"])(new Set(allColors));\n  cy.log(uniqColors);\n  expect(allColors.length).to.eq(uniqColors.length);\n});",
              "err": {
                "message": "CypressError: Timed out retrying: Expected to find element: '.color', but never found it.",
                "estack": "CypressError: Timed out retrying: Expected to find element: '.color', but never found it.\n    at cypressErr (http://localhost:37013/__cypress/runner/cypress_runner.js:149934:9)\n    at throwErr (http://localhost:37013/__cypress/runner/cypress_runner.js:149867:11)\n    at Object.throwErrByPath (http://localhost:37013/__cypress/runner/cypress_runner.js:149915:3)\n    at retry (http://localhost:37013/__cypress/runner/cypress_runner.js:144197:19)\n    at onFailFn (http://localhost:37013/__cypress/runner/cypress_runner.js:132448:16)\n    at tryCatcher (http://localhost:37013/__cypress/runner/cypress_runner.js:167415:23)\n    at Promise._settlePromiseFromHandler (http://localhost:37013/__cypress/runner/cypress_runner.js:165351:31)\n    at Promise._settlePromise (http://localhost:37013/__cypress/runner/cypress_runner.js:165408:18)\n    at Promise._settlePromise0 (http://localhost:37013/__cypress/runner/cypress_runner.js:165453:10)\n    at Promise._settlePromises (http://localhost:37013/__cypress/runner/cypress_runner.js:165528:18)\n    at Async../node_modules/bluebird/js/release/async.js.Async._drainQueue (http://localhost:37013/__cypress/runner/cypress_runner.js:162140:16)\n    at Async../node_modules/bluebird/js/release/async.js.Async._drainQueues (http://localhost:37013/__cypress/runner/cypress_runner.js:162150:10)\n    at Async.drainQueues (http://localhost:37013/__cypress/runner/cypress_runner.js:162024:14)",
                "diff": null
              },
              "uuid": "0436f89e-1cb5-49e5-8654-f33904807ddf",
              "parentUUID": "8a50ca17-4f85-4ec2-8948-94f69805ab3e",
              "isHook": false,
              "skipped": false
            }
          ],
          "suites": [],
          "passes": [],
          "failures": [
            "c99c7594-83f7-44a3-ace1-fbe7eee3581e",
            "41131e2d-6f61-4004-a649-7aae93082349",
            "cc5aba86-86f3-495a-8d29-b6dbc343b1f6",
            "c0de1303-1261-4ac3-b252-fb17d2a5092d",
            "4f830edf-a41e-4d0e-81d2-3a37c0ff16a5",
            "c3a66891-f25a-48a6-be54-3efca005fec6",
            "0436f89e-1cb5-49e5-8654-f33904807ddf"
          ],
          "pending": [],
          "skipped": [],
          "duration": 29702,
          "root": false,
          "rootEmpty": false,
          "_timeout": 2000
        },
        {
          "uuid": "3658dee7-7968-42a2-b228-d3caf790bb2e",
          "title": "3 - Adicione a cor **preta** como a primeira cor da paleta de cores.",
          "fullFile": "",
          "file": "",
          "beforeHooks": [],
          "afterHooks": [],
          "tests": [
            {
              "title": "Verifica se a primeira cor da paleta é preta",
              "fullTitle": "3 - Adicione a cor **preta** como a primeira cor da paleta de cores. Verifica se a primeira cor da paleta é preta",
              "timedOut": null,
              "duration": 4254,
              "state": "failed",
              "speed": null,
              "pass": false,
              "fail": true,
              "pending": false,
              "context": null,
              "code": "cy.get('.color').first().should('have.css', 'background-color', BLACK);",
              "err": {
                "message": "CypressError: Timed out retrying: Expected to find element: '.color', but never found it.",
                "estack": "CypressError: Timed out retrying: Expected to find element: '.color', but never found it.\n    at cypressErr (http://localhost:37013/__cypress/runner/cypress_runner.js:149934:9)\n    at throwErr (http://localhost:37013/__cypress/runner/cypress_runner.js:149867:11)\n    at Object.throwErrByPath (http://localhost:37013/__cypress/runner/cypress_runner.js:149915:3)\n    at retry (http://localhost:37013/__cypress/runner/cypress_runner.js:144197:19)\n    at onFailFn (http://localhost:37013/__cypress/runner/cypress_runner.js:132448:16)\n    at tryCatcher (http://localhost:37013/__cypress/runner/cypress_runner.js:167415:23)\n    at Promise._settlePromiseFromHandler (http://localhost:37013/__cypress/runner/cypress_runner.js:165351:31)\n    at Promise._settlePromise (http://localhost:37013/__cypress/runner/cypress_runner.js:165408:18)\n    at Promise._settlePromise0 (http://localhost:37013/__cypress/runner/cypress_runner.js:165453:10)\n    at Promise._settlePromises (http://localhost:37013/__cypress/runner/cypress_runner.js:165528:18)\n    at Async../node_modules/bluebird/js/release/async.js.Async._drainQueue (http://localhost:37013/__cypress/runner/cypress_runner.js:162140:16)\n    at Async../node_modules/bluebird/js/release/async.js.Async._drainQueues (http://localhost:37013/__cypress/runner/cypress_runner.js:162150:10)\n    at Async.drainQueues (http://localhost:37013/__cypress/runner/cypress_runner.js:162024:14)",
                "diff": null
              },
              "uuid": "71adefd2-7223-4039-8e74-2dd4a1904d43",
              "parentUUID": "3658dee7-7968-42a2-b228-d3caf790bb2e",
              "isHook": false,
              "skipped": false
            },
            {
              "title": "Verifica se as demais cores podem ser escolhidas livremente.",
              "fullTitle": "3 - Adicione a cor **preta** como a primeira cor da paleta de cores. Verifica se as demais cores podem ser escolhidas livremente.",
              "timedOut": null,
              "duration": 4287,
              "state": "failed",
              "speed": null,
              "pass": false,
              "fail": true,
              "pending": false,
              "context": null,
              "code": "cy.get('.color').eq(1).should('not.have.css', 'background-color', BLACK);\ncy.get('.color').eq(1).should('not.have.css', 'background-color', WHITE);\ncy.get('.color').eq(1).should('not.have.css', 'background-color', 'rgba(0, 0, 0, 0)');\ncy.get('.color').eq(1).should('have.css', 'background-color');\ncy.get('.color').eq(2).should('not.have.css', 'background-color', BLACK);\ncy.get('.color').eq(2).should('not.have.css', 'background-color', WHITE);\ncy.get('.color').eq(2).should('not.have.css', 'background-color', 'rgba(0, 0, 0, 0)');\ncy.get('.color').eq(2).should('have.css', 'background-color');\ncy.get('.color').eq(3).should('not.have.css', 'background-color', BLACK);\ncy.get('.color').eq(3).should('not.have.css', 'background-color', WHITE);\ncy.get('.color').eq(3).should('not.have.css', 'background-color', 'rgba(0, 0, 0, 0)');\ncy.get('.color').eq(3).should('have.css', 'background-color');",
              "err": {
                "message": "CypressError: Timed out retrying: Expected to find element: '.color', but never found it.",
                "estack": "CypressError: Timed out retrying: Expected to find element: '.color', but never found it.\n    at cypressErr (http://localhost:37013/__cypress/runner/cypress_runner.js:149934:9)\n    at throwErr (http://localhost:37013/__cypress/runner/cypress_runner.js:149867:11)\n    at Object.throwErrByPath (http://localhost:37013/__cypress/runner/cypress_runner.js:149915:3)\n    at retry (http://localhost:37013/__cypress/runner/cypress_runner.js:144197:19)\n    at onFailFn (http://localhost:37013/__cypress/runner/cypress_runner.js:132448:16)\n    at tryCatcher (http://localhost:37013/__cypress/runner/cypress_runner.js:167415:23)\n    at Promise._settlePromiseFromHandler (http://localhost:37013/__cypress/runner/cypress_runner.js:165351:31)\n    at Promise._settlePromise (http://localhost:37013/__cypress/runner/cypress_runner.js:165408:18)\n    at Promise._settlePromise0 (http://localhost:37013/__cypress/runner/cypress_runner.js:165453:10)\n    at Promise._settlePromises (http://localhost:37013/__cypress/runner/cypress_runner.js:165528:18)\n    at Async../node_modules/bluebird/js/release/async.js.Async._drainQueue (http://localhost:37013/__cypress/runner/cypress_runner.js:162140:16)\n    at Async../node_modules/bluebird/js/release/async.js.Async._drainQueues (http://localhost:37013/__cypress/runner/cypress_runner.js:162150:10)\n    at Async.drainQueues (http://localhost:37013/__cypress/runner/cypress_runner.js:162024:14)",
                "diff": null
              },
              "uuid": "29488ba8-4b70-4534-a563-12a6a9cc6667",
              "parentUUID": "3658dee7-7968-42a2-b228-d3caf790bb2e",
              "isHook": false,
              "skipped": false
            }
          ],
          "suites": [],
          "passes": [],
          "failures": [
            "71adefd2-7223-4039-8e74-2dd4a1904d43",
            "29488ba8-4b70-4534-a563-12a6a9cc6667"
          ],
          "pending": [],
          "skipped": [],
          "duration": 8541,
          "root": false,
          "rootEmpty": false,
          "_timeout": 2000
        },
        {
          "uuid": "17fdae28-78b1-4340-8c0e-7e146babaf3e",
          "title": "4 - Adicione à página um quadro de pixels, com 25 pixels.",
          "fullFile": "",
          "file": "",
          "beforeHooks": [],
          "afterHooks": [],
          "tests": [
            {
              "title": "Verifica se o quadro de pixels possui o `id` denominado `pixel-board`",
              "fullTitle": "4 - Adicione à página um quadro de pixels, com 25 pixels. Verifica se o quadro de pixels possui o `id` denominado `pixel-board`",
              "timedOut": null,
              "duration": 4300,
              "state": "failed",
              "speed": null,
              "pass": false,
              "fail": true,
              "pending": false,
              "context": null,
              "code": "cy.get('#pixel-board').should('be.visible');",
              "err": {
                "message": "CypressError: Timed out retrying: Expected to find element: '#pixel-board', but never found it.",
                "estack": "CypressError: Timed out retrying: Expected to find element: '#pixel-board', but never found it.\n    at cypressErr (http://localhost:37013/__cypress/runner/cypress_runner.js:149934:9)\n    at throwErr (http://localhost:37013/__cypress/runner/cypress_runner.js:149867:11)\n    at Object.throwErrByPath (http://localhost:37013/__cypress/runner/cypress_runner.js:149915:3)\n    at retry (http://localhost:37013/__cypress/runner/cypress_runner.js:144197:19)\n    at onFailFn (http://localhost:37013/__cypress/runner/cypress_runner.js:132448:16)\n    at tryCatcher (http://localhost:37013/__cypress/runner/cypress_runner.js:167415:23)\n    at Promise._settlePromiseFromHandler (http://localhost:37013/__cypress/runner/cypress_runner.js:165351:31)\n    at Promise._settlePromise (http://localhost:37013/__cypress/runner/cypress_runner.js:165408:18)\n    at Promise._settlePromise0 (http://localhost:37013/__cypress/runner/cypress_runner.js:165453:10)\n    at Promise._settlePromises (http://localhost:37013/__cypress/runner/cypress_runner.js:165528:18)\n    at Async../node_modules/bluebird/js/release/async.js.Async._drainQueue (http://localhost:37013/__cypress/runner/cypress_runner.js:162140:16)\n    at Async../node_modules/bluebird/js/release/async.js.Async._drainQueues (http://localhost:37013/__cypress/runner/cypress_runner.js:162150:10)\n    at Async.drainQueues (http://localhost:37013/__cypress/runner/cypress_runner.js:162024:14)",
                "diff": null
              },
              "uuid": "7b302571-465d-430d-9328-d9a4b54290a3",
              "parentUUID": "17fdae28-78b1-4340-8c0e-7e146babaf3e",
              "isHook": false,
              "skipped": false
            },
            {
              "title": "Verifica se cada pixel individual dentro do quadro possui a `classe` denominada `pixel`.",
              "fullTitle": "4 - Adicione à página um quadro de pixels, com 25 pixels. Verifica se cada pixel individual dentro do quadro possui a `classe` denominada `pixel`.",
              "timedOut": null,
              "duration": 4272,
              "state": "failed",
              "speed": null,
              "pass": false,
              "fail": true,
              "pending": false,
              "context": null,
              "code": "cy.get('.pixel').should('have.length', 25);",
              "err": {
                "message": "CypressError: Timed out retrying: Expected to find element: '.pixel', but never found it.",
                "estack": "CypressError: Timed out retrying: Expected to find element: '.pixel', but never found it.\n    at cypressErr (http://localhost:37013/__cypress/runner/cypress_runner.js:149934:9)\n    at throwErr (http://localhost:37013/__cypress/runner/cypress_runner.js:149867:11)\n    at Object.throwErrByPath (http://localhost:37013/__cypress/runner/cypress_runner.js:149915:3)\n    at retry (http://localhost:37013/__cypress/runner/cypress_runner.js:144197:19)\n    at onFailFn (http://localhost:37013/__cypress/runner/cypress_runner.js:132448:16)\n    at tryCatcher (http://localhost:37013/__cypress/runner/cypress_runner.js:167415:23)\n    at Promise._settlePromiseFromHandler (http://localhost:37013/__cypress/runner/cypress_runner.js:165351:31)\n    at Promise._settlePromise (http://localhost:37013/__cypress/runner/cypress_runner.js:165408:18)\n    at Promise._settlePromise0 (http://localhost:37013/__cypress/runner/cypress_runner.js:165453:10)\n    at Promise._settlePromises (http://localhost:37013/__cypress/runner/cypress_runner.js:165528:18)\n    at Async../node_modules/bluebird/js/release/async.js.Async._drainQueue (http://localhost:37013/__cypress/runner/cypress_runner.js:162140:16)\n    at Async../node_modules/bluebird/js/release/async.js.Async._drainQueues (http://localhost:37013/__cypress/runner/cypress_runner.js:162150:10)\n    at Async.drainQueues (http://localhost:37013/__cypress/runner/cypress_runner.js:162024:14)",
                "diff": null
              },
              "uuid": "f6a2c0c7-55b7-472e-b05b-61821213a684",
              "parentUUID": "17fdae28-78b1-4340-8c0e-7e146babaf3e",
              "isHook": false,
              "skipped": false
            },
            {
              "title": "Verifica se a cor inicial dos pixels dentro do quadro, ao abrir a página, é branca.",
              "fullTitle": "4 - Adicione à página um quadro de pixels, com 25 pixels. Verifica se a cor inicial dos pixels dentro do quadro, ao abrir a página, é branca.",
              "timedOut": null,
              "duration": 4270,
              "state": "failed",
              "speed": null,
              "pass": false,
              "fail": true,
              "pending": false,
              "context": null,
              "code": "cy.get('.pixel').should('have.length', 25).each(function (pixel) {\n  expect(pixel).to.have.css('background-color', WHITE);\n});",
              "err": {
                "message": "CypressError: Timed out retrying: Expected to find element: '.pixel', but never found it.",
                "estack": "CypressError: Timed out retrying: Expected to find element: '.pixel', but never found it.\n    at cypressErr (http://localhost:37013/__cypress/runner/cypress_runner.js:149934:9)\n    at throwErr (http://localhost:37013/__cypress/runner/cypress_runner.js:149867:11)\n    at Object.throwErrByPath (http://localhost:37013/__cypress/runner/cypress_runner.js:149915:3)\n    at retry (http://localhost:37013/__cypress/runner/cypress_runner.js:144197:19)\n    at onFailFn (http://localhost:37013/__cypress/runner/cypress_runner.js:132448:16)\n    at tryCatcher (http://localhost:37013/__cypress/runner/cypress_runner.js:167415:23)\n    at Promise._settlePromiseFromHandler (http://localhost:37013/__cypress/runner/cypress_runner.js:165351:31)\n    at Promise._settlePromise (http://localhost:37013/__cypress/runner/cypress_runner.js:165408:18)\n    at Promise._settlePromise0 (http://localhost:37013/__cypress/runner/cypress_runner.js:165453:10)\n    at Promise._settlePromises (http://localhost:37013/__cypress/runner/cypress_runner.js:165528:18)\n    at Async../node_modules/bluebird/js/release/async.js.Async._drainQueue (http://localhost:37013/__cypress/runner/cypress_runner.js:162140:16)\n    at Async../node_modules/bluebird/js/release/async.js.Async._drainQueues (http://localhost:37013/__cypress/runner/cypress_runner.js:162150:10)\n    at Async.drainQueues (http://localhost:37013/__cypress/runner/cypress_runner.js:162024:14)",
                "diff": null
              },
              "uuid": "12d94d29-24b6-46e4-a4df-a29c90ecd408",
              "parentUUID": "17fdae28-78b1-4340-8c0e-7e146babaf3e",
              "isHook": false,
              "skipped": false
            },
            {
              "title": "Verifica se o quadro de pixels aparece abaixo da paleta de cores",
              "fullTitle": "4 - Adicione à página um quadro de pixels, com 25 pixels. Verifica se o quadro de pixels aparece abaixo da paleta de cores",
              "timedOut": null,
              "duration": 4348,
              "state": "failed",
              "speed": null,
              "pass": false,
              "fail": true,
              "pending": false,
              "context": null,
              "code": "cy.get('#color-palette').then(function (palette) {\n  cy.get('#pixel-board').should('be.belowOf', palette);\n});",
              "err": {
                "message": "CypressError: Timed out retrying: Expected to find element: '#color-palette', but never found it.",
                "estack": "CypressError: Timed out retrying: Expected to find element: '#color-palette', but never found it.\n    at cypressErr (http://localhost:37013/__cypress/runner/cypress_runner.js:149934:9)\n    at throwErr (http://localhost:37013/__cypress/runner/cypress_runner.js:149867:11)\n    at Object.throwErrByPath (http://localhost:37013/__cypress/runner/cypress_runner.js:149915:3)\n    at retry (http://localhost:37013/__cypress/runner/cypress_runner.js:144197:19)\n    at onFailFn (http://localhost:37013/__cypress/runner/cypress_runner.js:132448:16)\n    at tryCatcher (http://localhost:37013/__cypress/runner/cypress_runner.js:167415:23)\n    at Promise._settlePromiseFromHandler (http://localhost:37013/__cypress/runner/cypress_runner.js:165351:31)\n    at Promise._settlePromise (http://localhost:37013/__cypress/runner/cypress_runner.js:165408:18)\n    at Promise._settlePromise0 (http://localhost:37013/__cypress/runner/cypress_runner.js:165453:10)\n    at Promise._settlePromises (http://localhost:37013/__cypress/runner/cypress_runner.js:165528:18)\n    at Async../node_modules/bluebird/js/release/async.js.Async._drainQueue (http://localhost:37013/__cypress/runner/cypress_runner.js:162140:16)\n    at Async../node_modules/bluebird/js/release/async.js.Async._drainQueues (http://localhost:37013/__cypress/runner/cypress_runner.js:162150:10)\n    at Async.drainQueues (http://localhost:37013/__cypress/runner/cypress_runner.js:162024:14)",
                "diff": null
              },
              "uuid": "fec3c780-7a10-426e-adab-7d74aaf48122",
              "parentUUID": "17fdae28-78b1-4340-8c0e-7e146babaf3e",
              "isHook": false,
              "skipped": false
            }
          ],
          "suites": [],
          "passes": [],
          "failures": [
            "7b302571-465d-430d-9328-d9a4b54290a3",
            "f6a2c0c7-55b7-472e-b05b-61821213a684",
            "12d94d29-24b6-46e4-a4df-a29c90ecd408",
            "fec3c780-7a10-426e-adab-7d74aaf48122"
          ],
          "pending": [],
          "skipped": [],
          "duration": 17190,
          "root": false,
          "rootEmpty": false,
          "_timeout": 2000
        },
        {
          "uuid": "1d21307e-0df5-430a-a165-a1e39e6717da",
          "title": "5 - Faça com que cada elemento do quadro de pixels possua 40 pixels de largura, 40 pixels de altura e seja delimitado por uma borda preta de 1 pixel.",
          "fullFile": "",
          "file": "",
          "beforeHooks": [],
          "afterHooks": [],
          "tests": [
            {
              "title": "Verifica se o quadro de pixels tem altura e comprimento de 5 elementos",
              "fullTitle": "5 - Faça com que cada elemento do quadro de pixels possua 40 pixels de largura, 40 pixels de altura e seja delimitado por uma borda preta de 1 pixel. Verifica se o quadro de pixels tem altura e comprimento de 5 elementos",
              "timedOut": null,
              "duration": 4246,
              "state": "failed",
              "speed": null,
              "pass": false,
              "fail": true,
              "pending": false,
              "context": null,
              "code": "cy.get('.pixel').should('have.length', 25).each(function (pixel) {\n  expect(pixel).to.have.css('background-color', WHITE);\n}).and(function (pixels) {\n  var rows = chunk(pixels, 5);\n  rows.forEach(function (row) {\n    for (var index = 1; index < row.length; index += 1) {\n      var current = pixels[index];\n      var previous = pixels[index - 1];\n      cy.wrap(current).should('be.onTheRightOf', previous).and('be.horizontallyAlignedWith', previous);\n    }\n  });\n  for (var index = 1; index < 5; index += 1) {\n    expect(pixels[index * 5]).to.be.belowOf(pixels[(index - 1) * 5]);\n  }\n});",
              "err": {
                "message": "CypressError: Timed out retrying: Expected to find element: '.pixel', but never found it.",
                "estack": "CypressError: Timed out retrying: Expected to find element: '.pixel', but never found it.\n    at cypressErr (http://localhost:37013/__cypress/runner/cypress_runner.js:149934:9)\n    at throwErr (http://localhost:37013/__cypress/runner/cypress_runner.js:149867:11)\n    at Object.throwErrByPath (http://localhost:37013/__cypress/runner/cypress_runner.js:149915:3)\n    at retry (http://localhost:37013/__cypress/runner/cypress_runner.js:144197:19)\n    at onFailFn (http://localhost:37013/__cypress/runner/cypress_runner.js:132448:16)\n    at tryCatcher (http://localhost:37013/__cypress/runner/cypress_runner.js:167415:23)\n    at Promise._settlePromiseFromHandler (http://localhost:37013/__cypress/runner/cypress_runner.js:165351:31)\n    at Promise._settlePromise (http://localhost:37013/__cypress/runner/cypress_runner.js:165408:18)\n    at Promise._settlePromise0 (http://localhost:37013/__cypress/runner/cypress_runner.js:165453:10)\n    at Promise._settlePromises (http://localhost:37013/__cypress/runner/cypress_runner.js:165528:18)\n    at Async../node_modules/bluebird/js/release/async.js.Async._drainQueue (http://localhost:37013/__cypress/runner/cypress_runner.js:162140:16)\n    at Async../node_modules/bluebird/js/release/async.js.Async._drainQueues (http://localhost:37013/__cypress/runner/cypress_runner.js:162150:10)\n    at Async.drainQueues (http://localhost:37013/__cypress/runner/cypress_runner.js:162024:14)",
                "diff": null
              },
              "uuid": "c166a000-20fb-49db-9d28-9b11efeb9ff5",
              "parentUUID": "1d21307e-0df5-430a-a165-a1e39e6717da",
              "isHook": false,
              "skipped": false
            },
            {
              "title": "Verifica se 40 pixels é o tamanho total do elemento, incluindo seu conteúdo e excluindo a borda preta, que deve ser criada à parte.",
              "fullTitle": "5 - Faça com que cada elemento do quadro de pixels possua 40 pixels de largura, 40 pixels de altura e seja delimitado por uma borda preta de 1 pixel. Verifica se 40 pixels é o tamanho total do elemento, incluindo seu conteúdo e excluindo a borda preta, que deve ser criada à parte.",
              "timedOut": null,
              "duration": 4270,
              "state": "failed",
              "speed": null,
              "pass": false,
              "fail": true,
              "pending": false,
              "context": null,
              "code": "cy.get('.pixel').each(function (pixel) {\n  cy.wrap(pixel).should('have.css', 'height', '40px').and('have.css', 'width', '40px').and('have.css', 'border', \"1px solid \".concat(BLACK));\n});",
              "err": {
                "message": "CypressError: Timed out retrying: Expected to find element: '.pixel', but never found it.",
                "estack": "CypressError: Timed out retrying: Expected to find element: '.pixel', but never found it.\n    at cypressErr (http://localhost:37013/__cypress/runner/cypress_runner.js:149934:9)\n    at throwErr (http://localhost:37013/__cypress/runner/cypress_runner.js:149867:11)\n    at Object.throwErrByPath (http://localhost:37013/__cypress/runner/cypress_runner.js:149915:3)\n    at retry (http://localhost:37013/__cypress/runner/cypress_runner.js:144197:19)\n    at onFailFn (http://localhost:37013/__cypress/runner/cypress_runner.js:132448:16)\n    at tryCatcher (http://localhost:37013/__cypress/runner/cypress_runner.js:167415:23)\n    at Promise._settlePromiseFromHandler (http://localhost:37013/__cypress/runner/cypress_runner.js:165351:31)\n    at Promise._settlePromise (http://localhost:37013/__cypress/runner/cypress_runner.js:165408:18)\n    at Promise._settlePromise0 (http://localhost:37013/__cypress/runner/cypress_runner.js:165453:10)\n    at Promise._settlePromises (http://localhost:37013/__cypress/runner/cypress_runner.js:165528:18)\n    at Async../node_modules/bluebird/js/release/async.js.Async._drainQueue (http://localhost:37013/__cypress/runner/cypress_runner.js:162140:16)\n    at Async../node_modules/bluebird/js/release/async.js.Async._drainQueues (http://localhost:37013/__cypress/runner/cypress_runner.js:162150:10)\n    at Async.drainQueues (http://localhost:37013/__cypress/runner/cypress_runner.js:162024:14)",
                "diff": null
              },
              "uuid": "b8776d24-81cc-46c2-afa8-b2c6f0069e62",
              "parentUUID": "1d21307e-0df5-430a-a165-a1e39e6717da",
              "isHook": false,
              "skipped": false
            }
          ],
          "suites": [],
          "passes": [],
          "failures": [
            "c166a000-20fb-49db-9d28-9b11efeb9ff5",
            "b8776d24-81cc-46c2-afa8-b2c6f0069e62"
          ],
          "pending": [],
          "skipped": [],
          "duration": 8516,
          "root": false,
          "rootEmpty": false,
          "_timeout": 2000
        },
        {
          "uuid": "deccbd7e-7d33-4555-854e-a664e3feb172",
          "title": "6 - Defina a cor preta como cor inicial. Ao carregar a página a cor preta já deve estar selecionada para pintar os pixels",
          "fullFile": "",
          "file": "",
          "beforeHooks": [],
          "afterHooks": [],
          "tests": [
            {
              "title": "Verifica se o elemento da cor preta possui, inicialmente, a `classe` `selected`",
              "fullTitle": "6 - Defina a cor preta como cor inicial. Ao carregar a página a cor preta já deve estar selecionada para pintar os pixels Verifica se o elemento da cor preta possui, inicialmente, a `classe` `selected`",
              "timedOut": null,
              "duration": 4262,
              "state": "failed",
              "speed": null,
              "pass": false,
              "fail": true,
              "pending": false,
              "context": null,
              "code": "cy.get('.selected').first().should('have.css', 'background-color', BLACK);",
              "err": {
                "message": "CypressError: Timed out retrying: Expected to find element: '.selected', but never found it.",
                "estack": "CypressError: Timed out retrying: Expected to find element: '.selected', but never found it.\n    at cypressErr (http://localhost:37013/__cypress/runner/cypress_runner.js:149934:9)\n    at throwErr (http://localhost:37013/__cypress/runner/cypress_runner.js:149867:11)\n    at Object.throwErrByPath (http://localhost:37013/__cypress/runner/cypress_runner.js:149915:3)\n    at retry (http://localhost:37013/__cypress/runner/cypress_runner.js:144197:19)\n    at onFailFn (http://localhost:37013/__cypress/runner/cypress_runner.js:132448:16)\n    at tryCatcher (http://localhost:37013/__cypress/runner/cypress_runner.js:167415:23)\n    at Promise._settlePromiseFromHandler (http://localhost:37013/__cypress/runner/cypress_runner.js:165351:31)\n    at Promise._settlePromise (http://localhost:37013/__cypress/runner/cypress_runner.js:165408:18)\n    at Promise._settlePromise0 (http://localhost:37013/__cypress/runner/cypress_runner.js:165453:10)\n    at Promise._settlePromises (http://localhost:37013/__cypress/runner/cypress_runner.js:165528:18)\n    at Async../node_modules/bluebird/js/release/async.js.Async._drainQueue (http://localhost:37013/__cypress/runner/cypress_runner.js:162140:16)\n    at Async../node_modules/bluebird/js/release/async.js.Async._drainQueues (http://localhost:37013/__cypress/runner/cypress_runner.js:162150:10)\n    at Async.drainQueues (http://localhost:37013/__cypress/runner/cypress_runner.js:162024:14)",
                "diff": null
              },
              "uuid": "13a7104e-5f3d-4b79-bcd1-39b9a67a2c64",
              "parentUUID": "deccbd7e-7d33-4555-854e-a664e3feb172",
              "isHook": false,
              "skipped": false
            },
            {
              "title": "Verifica se nenhuma outra cor da paleta tem a `classe` `selected`",
              "fullTitle": "6 - Defina a cor preta como cor inicial. Ao carregar a página a cor preta já deve estar selecionada para pintar os pixels Verifica se nenhuma outra cor da paleta tem a `classe` `selected`",
              "timedOut": null,
              "duration": 4250,
              "state": "failed",
              "speed": null,
              "pass": false,
              "fail": true,
              "pending": false,
              "context": null,
              "code": "cy.get('.color:not(:first-child)').each(function (color) {\n  cy.wrap(color).should('not.have.class', 'selected');\n});",
              "err": {
                "message": "CypressError: Timed out retrying: Expected to find element: '.color:not(:first-child)', but never found it.",
                "estack": "CypressError: Timed out retrying: Expected to find element: '.color:not(:first-child)', but never found it.\n    at cypressErr (http://localhost:37013/__cypress/runner/cypress_runner.js:149934:9)\n    at throwErr (http://localhost:37013/__cypress/runner/cypress_runner.js:149867:11)\n    at Object.throwErrByPath (http://localhost:37013/__cypress/runner/cypress_runner.js:149915:3)\n    at retry (http://localhost:37013/__cypress/runner/cypress_runner.js:144197:19)\n    at onFailFn (http://localhost:37013/__cypress/runner/cypress_runner.js:132448:16)\n    at tryCatcher (http://localhost:37013/__cypress/runner/cypress_runner.js:167415:23)\n    at Promise._settlePromiseFromHandler (http://localhost:37013/__cypress/runner/cypress_runner.js:165351:31)\n    at Promise._settlePromise (http://localhost:37013/__cypress/runner/cypress_runner.js:165408:18)\n    at Promise._settlePromise0 (http://localhost:37013/__cypress/runner/cypress_runner.js:165453:10)\n    at Promise._settlePromises (http://localhost:37013/__cypress/runner/cypress_runner.js:165528:18)\n    at Async../node_modules/bluebird/js/release/async.js.Async._drainQueue (http://localhost:37013/__cypress/runner/cypress_runner.js:162140:16)\n    at Async../node_modules/bluebird/js/release/async.js.Async._drainQueues (http://localhost:37013/__cypress/runner/cypress_runner.js:162150:10)\n    at Async.drainQueues (http://localhost:37013/__cypress/runner/cypress_runner.js:162024:14)",
                "diff": null
              },
              "uuid": "7c53fb42-f9e0-411e-956c-74bf1e9758af",
              "parentUUID": "deccbd7e-7d33-4555-854e-a664e3feb172",
              "isHook": false,
              "skipped": false
            }
          ],
          "suites": [],
          "passes": [],
          "failures": [
            "13a7104e-5f3d-4b79-bcd1-39b9a67a2c64",
            "7c53fb42-f9e0-411e-956c-74bf1e9758af"
          ],
          "pending": [],
          "skipped": [],
          "duration": 8512,
          "root": false,
          "rootEmpty": false,
          "_timeout": 2000
        },
        {
          "uuid": "948e8489-082c-4714-880b-82ff930a8fb1",
          "title": "7 - Clicar em uma das cores da paleta, faz com que ela seja selecionada e utilizada para preencher os pixels no quadro.",
          "fullFile": "",
          "file": "",
          "beforeHooks": [],
          "afterHooks": [],
          "tests": [
            {
              "title": "Verifica se somente uma cor da paleta de cores tem a classe `selected` de cada vez",
              "fullTitle": "7 - Clicar em uma das cores da paleta, faz com que ela seja selecionada e utilizada para preencher os pixels no quadro. Verifica se somente uma cor da paleta de cores tem a classe `selected` de cada vez",
              "timedOut": null,
              "duration": 4292,
              "state": "failed",
              "speed": null,
              "pass": false,
              "fail": true,
              "pending": false,
              "context": null,
              "code": "cy.get('.color').each(function (selectedColor, selectedColorIndex) {\n  cy.wrap(selectedColor).click();\n  cy.get('.color').each(function (color, colorIndex) {\n    if (colorIndex === selectedColorIndex) {\n      expect(color).to.have[\"class\"]('selected');\n    } else {\n      expect(color).not.to.have[\"class\"]('selected');\n    }\n  });\n});",
              "err": {
                "message": "CypressError: Timed out retrying: Expected to find element: '.color', but never found it.",
                "estack": "CypressError: Timed out retrying: Expected to find element: '.color', but never found it.\n    at cypressErr (http://localhost:37013/__cypress/runner/cypress_runner.js:149934:9)\n    at throwErr (http://localhost:37013/__cypress/runner/cypress_runner.js:149867:11)\n    at Object.throwErrByPath (http://localhost:37013/__cypress/runner/cypress_runner.js:149915:3)\n    at retry (http://localhost:37013/__cypress/runner/cypress_runner.js:144197:19)\n    at onFailFn (http://localhost:37013/__cypress/runner/cypress_runner.js:132448:16)\n    at tryCatcher (http://localhost:37013/__cypress/runner/cypress_runner.js:167415:23)\n    at Promise._settlePromiseFromHandler (http://localhost:37013/__cypress/runner/cypress_runner.js:165351:31)\n    at Promise._settlePromise (http://localhost:37013/__cypress/runner/cypress_runner.js:165408:18)\n    at Promise._settlePromise0 (http://localhost:37013/__cypress/runner/cypress_runner.js:165453:10)\n    at Promise._settlePromises (http://localhost:37013/__cypress/runner/cypress_runner.js:165528:18)\n    at Async../node_modules/bluebird/js/release/async.js.Async._drainQueue (http://localhost:37013/__cypress/runner/cypress_runner.js:162140:16)\n    at Async../node_modules/bluebird/js/release/async.js.Async._drainQueues (http://localhost:37013/__cypress/runner/cypress_runner.js:162150:10)\n    at Async.drainQueues (http://localhost:37013/__cypress/runner/cypress_runner.js:162024:14)",
                "diff": null
              },
              "uuid": "4dc91dc0-ff02-449d-87ec-5d1ccc6ae148",
              "parentUUID": "948e8489-082c-4714-880b-82ff930a8fb1",
              "isHook": false,
              "skipped": false
            },
            {
              "title": "Verifica se os pixels dentro do quadro não têm a classe `selected` quando são clicados",
              "fullTitle": "7 - Clicar em uma das cores da paleta, faz com que ela seja selecionada e utilizada para preencher os pixels no quadro. Verifica se os pixels dentro do quadro não têm a classe `selected` quando são clicados",
              "timedOut": null,
              "duration": 4261,
              "state": "failed",
              "speed": null,
              "pass": false,
              "fail": true,
              "pending": false,
              "context": null,
              "code": "cy.get('.color').each(function (color) {\n  var backgroundColor = color.css('background-color');\n  cy.wrap(color).click();\n  cy.get('.pixel').each(function (pixel) {\n    cy.wrap(pixel).click().should('not.have.class', 'selected');\n  });\n});",
              "err": {
                "message": "CypressError: Timed out retrying: Expected to find element: '.color', but never found it.",
                "estack": "CypressError: Timed out retrying: Expected to find element: '.color', but never found it.\n    at cypressErr (http://localhost:37013/__cypress/runner/cypress_runner.js:149934:9)\n    at throwErr (http://localhost:37013/__cypress/runner/cypress_runner.js:149867:11)\n    at Object.throwErrByPath (http://localhost:37013/__cypress/runner/cypress_runner.js:149915:3)\n    at retry (http://localhost:37013/__cypress/runner/cypress_runner.js:144197:19)\n    at onFailFn (http://localhost:37013/__cypress/runner/cypress_runner.js:132448:16)\n    at tryCatcher (http://localhost:37013/__cypress/runner/cypress_runner.js:167415:23)\n    at Promise._settlePromiseFromHandler (http://localhost:37013/__cypress/runner/cypress_runner.js:165351:31)\n    at Promise._settlePromise (http://localhost:37013/__cypress/runner/cypress_runner.js:165408:18)\n    at Promise._settlePromise0 (http://localhost:37013/__cypress/runner/cypress_runner.js:165453:10)\n    at Promise._settlePromises (http://localhost:37013/__cypress/runner/cypress_runner.js:165528:18)\n    at Async../node_modules/bluebird/js/release/async.js.Async._drainQueue (http://localhost:37013/__cypress/runner/cypress_runner.js:162140:16)\n    at Async../node_modules/bluebird/js/release/async.js.Async._drainQueues (http://localhost:37013/__cypress/runner/cypress_runner.js:162150:10)\n    at Async.drainQueues (http://localhost:37013/__cypress/runner/cypress_runner.js:162024:14)",
                "diff": null
              },
              "uuid": "085cb4f5-c4e4-4bff-9301-76d94fce80f4",
              "parentUUID": "948e8489-082c-4714-880b-82ff930a8fb1",
              "isHook": false,
              "skipped": false
            }
          ],
          "suites": [],
          "passes": [],
          "failures": [
            "4dc91dc0-ff02-449d-87ec-5d1ccc6ae148",
            "085cb4f5-c4e4-4bff-9301-76d94fce80f4"
          ],
          "pending": [],
          "skipped": [],
          "duration": 8553,
          "root": false,
          "rootEmpty": false,
          "_timeout": 2000
        },
        {
          "uuid": "fafc9bd1-95d1-470f-9c4c-a1c5ce38afa2",
          "title": "8 - Clicar em um pixel dentro do quadro após selecionar uma cor na paleta, faz com que o pixel seja preenchido com a cor selecionada.",
          "fullFile": "",
          "file": "",
          "beforeHooks": [],
          "afterHooks": [],
          "tests": [
            {
              "title": "Verifica se ao carregar a página deve ser possível pintar os pixels de preto",
              "fullTitle": "8 - Clicar em um pixel dentro do quadro após selecionar uma cor na paleta, faz com que o pixel seja preenchido com a cor selecionada. Verifica se ao carregar a página deve ser possível pintar os pixels de preto",
              "timedOut": null,
              "duration": 4270,
              "state": "failed",
              "speed": null,
              "pass": false,
              "fail": true,
              "pending": false,
              "context": null,
              "code": "cy.get('.pixel').each(function (pixel) {\n  cy.wrap(pixel).click().should('have.css', 'background-color', BLACK);\n});",
              "err": {
                "message": "CypressError: Timed out retrying: Expected to find element: '.pixel', but never found it.",
                "estack": "CypressError: Timed out retrying: Expected to find element: '.pixel', but never found it.\n    at cypressErr (http://localhost:37013/__cypress/runner/cypress_runner.js:149934:9)\n    at throwErr (http://localhost:37013/__cypress/runner/cypress_runner.js:149867:11)\n    at Object.throwErrByPath (http://localhost:37013/__cypress/runner/cypress_runner.js:149915:3)\n    at retry (http://localhost:37013/__cypress/runner/cypress_runner.js:144197:19)\n    at onFailFn (http://localhost:37013/__cypress/runner/cypress_runner.js:132448:16)\n    at tryCatcher (http://localhost:37013/__cypress/runner/cypress_runner.js:167415:23)\n    at Promise._settlePromiseFromHandler (http://localhost:37013/__cypress/runner/cypress_runner.js:165351:31)\n    at Promise._settlePromise (http://localhost:37013/__cypress/runner/cypress_runner.js:165408:18)\n    at Promise._settlePromise0 (http://localhost:37013/__cypress/runner/cypress_runner.js:165453:10)\n    at Promise._settlePromises (http://localhost:37013/__cypress/runner/cypress_runner.js:165528:18)\n    at Async../node_modules/bluebird/js/release/async.js.Async._drainQueue (http://localhost:37013/__cypress/runner/cypress_runner.js:162140:16)\n    at Async../node_modules/bluebird/js/release/async.js.Async._drainQueues (http://localhost:37013/__cypress/runner/cypress_runner.js:162150:10)\n    at Async.drainQueues (http://localhost:37013/__cypress/runner/cypress_runner.js:162024:14)",
                "diff": null
              },
              "uuid": "ab5ef07d-cba0-41e6-9674-328f25bc9f4e",
              "parentUUID": "fafc9bd1-95d1-470f-9c4c-a1c5ce38afa2",
              "isHook": false,
              "skipped": false
            },
            {
              "title": "Verifica se após selecionar uma outra cor na paleta, é possível pintar os pixels com essa cor",
              "fullTitle": "8 - Clicar em um pixel dentro do quadro após selecionar uma cor na paleta, faz com que o pixel seja preenchido com a cor selecionada. Verifica se após selecionar uma outra cor na paleta, é possível pintar os pixels com essa cor",
              "timedOut": null,
              "duration": 4267,
              "state": "failed",
              "speed": null,
              "pass": false,
              "fail": true,
              "pending": false,
              "context": null,
              "code": "cy.get('.color').each(function (color) {\n  var backgroundColor = color.css('background-color');\n  cy.wrap(color).click();\n  cy.get('.pixel').each(function (pixel) {\n    cy.wrap(pixel).click().should('have.css', 'background-color', backgroundColor);\n  });\n});",
              "err": {
                "message": "CypressError: Timed out retrying: Expected to find element: '.color', but never found it.",
                "estack": "CypressError: Timed out retrying: Expected to find element: '.color', but never found it.\n    at cypressErr (http://localhost:37013/__cypress/runner/cypress_runner.js:149934:9)\n    at throwErr (http://localhost:37013/__cypress/runner/cypress_runner.js:149867:11)\n    at Object.throwErrByPath (http://localhost:37013/__cypress/runner/cypress_runner.js:149915:3)\n    at retry (http://localhost:37013/__cypress/runner/cypress_runner.js:144197:19)\n    at onFailFn (http://localhost:37013/__cypress/runner/cypress_runner.js:132448:16)\n    at tryCatcher (http://localhost:37013/__cypress/runner/cypress_runner.js:167415:23)\n    at Promise._settlePromiseFromHandler (http://localhost:37013/__cypress/runner/cypress_runner.js:165351:31)\n    at Promise._settlePromise (http://localhost:37013/__cypress/runner/cypress_runner.js:165408:18)\n    at Promise._settlePromise0 (http://localhost:37013/__cypress/runner/cypress_runner.js:165453:10)\n    at Promise._settlePromises (http://localhost:37013/__cypress/runner/cypress_runner.js:165528:18)\n    at Async../node_modules/bluebird/js/release/async.js.Async._drainQueue (http://localhost:37013/__cypress/runner/cypress_runner.js:162140:16)\n    at Async../node_modules/bluebird/js/release/async.js.Async._drainQueues (http://localhost:37013/__cypress/runner/cypress_runner.js:162150:10)\n    at Async.drainQueues (http://localhost:37013/__cypress/runner/cypress_runner.js:162024:14)",
                "diff": null
              },
              "uuid": "6c14d4a7-02ab-4c8f-a318-cbe6b2030f14",
              "parentUUID": "fafc9bd1-95d1-470f-9c4c-a1c5ce38afa2",
              "isHook": false,
              "skipped": false
            },
            {
              "title": "Verifica se somente o pixel que foi clicado foi preenchido com a cor selecionada, sem influenciar na cor dos demais pixels.",
              "fullTitle": "8 - Clicar em um pixel dentro do quadro após selecionar uma cor na paleta, faz com que o pixel seja preenchido com a cor selecionada. Verifica se somente o pixel que foi clicado foi preenchido com a cor selecionada, sem influenciar na cor dos demais pixels.",
              "timedOut": null,
              "duration": 4243,
              "state": "failed",
              "speed": null,
              "pass": false,
              "fail": true,
              "pending": false,
              "context": null,
              "code": "var colorToPixelIndexMap = {\n  0: 6,\n  1: 8,\n  2: 16,\n  3: 18\n};\ncy.get('.color').each(function (color, index) {\n  cy.wrap(color).click();\n  var backgroundColor = color.css('background-color');\n  var clickedPixelIndex = colorToPixelIndexMap[index];\n  cy.get('.pixel').eq(clickedPixelIndex).click();\n  cy.get('.pixel').eq(clickedPixelIndex - 1).should('not.have.css', 'background-color', backgroundColor);\n  cy.get('.pixel').eq(clickedPixelIndex + 1).should('not.have.css', 'background-color', backgroundColor);\n  cy.get('.pixel').eq(clickedPixelIndex - 5).should('not.have.css', 'background-color', backgroundColor);\n  cy.get('.pixel').eq(clickedPixelIndex + 5).should('not.have.css', 'background-color', backgroundColor);\n  cy.get('.pixel').eq(clickedPixelIndex - 6).should('not.have.css', 'background-color', backgroundColor);\n  cy.get('.pixel').eq(clickedPixelIndex - 4).should('not.have.css', 'background-color', backgroundColor);\n  cy.get('.pixel').eq(clickedPixelIndex + 4).should('not.have.css', 'background-color', backgroundColor);\n  cy.get('.pixel').eq(clickedPixelIndex + 6).should('not.have.css', 'background-color', backgroundColor);\n});",
              "err": {
                "message": "CypressError: Timed out retrying: Expected to find element: '.color', but never found it.",
                "estack": "CypressError: Timed out retrying: Expected to find element: '.color', but never found it.\n    at cypressErr (http://localhost:37013/__cypress/runner/cypress_runner.js:149934:9)\n    at throwErr (http://localhost:37013/__cypress/runner/cypress_runner.js:149867:11)\n    at Object.throwErrByPath (http://localhost:37013/__cypress/runner/cypress_runner.js:149915:3)\n    at retry (http://localhost:37013/__cypress/runner/cypress_runner.js:144197:19)\n    at onFailFn (http://localhost:37013/__cypress/runner/cypress_runner.js:132448:16)\n    at tryCatcher (http://localhost:37013/__cypress/runner/cypress_runner.js:167415:23)\n    at Promise._settlePromiseFromHandler (http://localhost:37013/__cypress/runner/cypress_runner.js:165351:31)\n    at Promise._settlePromise (http://localhost:37013/__cypress/runner/cypress_runner.js:165408:18)\n    at Promise._settlePromise0 (http://localhost:37013/__cypress/runner/cypress_runner.js:165453:10)\n    at Promise._settlePromises (http://localhost:37013/__cypress/runner/cypress_runner.js:165528:18)\n    at Async../node_modules/bluebird/js/release/async.js.Async._drainQueue (http://localhost:37013/__cypress/runner/cypress_runner.js:162140:16)\n    at Async../node_modules/bluebird/js/release/async.js.Async._drainQueues (http://localhost:37013/__cypress/runner/cypress_runner.js:162150:10)\n    at Async.drainQueues (http://localhost:37013/__cypress/runner/cypress_runner.js:162024:14)",
                "diff": null
              },
              "uuid": "0e277670-0974-45e5-94c2-bb564009c024",
              "parentUUID": "fafc9bd1-95d1-470f-9c4c-a1c5ce38afa2",
              "isHook": false,
              "skipped": false
            }
          ],
          "suites": [],
          "passes": [],
          "failures": [
            "ab5ef07d-cba0-41e6-9674-328f25bc9f4e",
            "6c14d4a7-02ab-4c8f-a318-cbe6b2030f14",
            "0e277670-0974-45e5-94c2-bb564009c024"
          ],
          "pending": [],
          "skipped": [],
          "duration": 12780,
          "root": false,
          "rootEmpty": false,
          "_timeout": 2000
        },
        {
          "uuid": "dccf816e-4782-4e0e-b37d-e84e1b9e660d",
          "title": "9 - Crie um botão que, ao ser clicado, limpa o quadro preenchendo a cor de todos seus pixels com branco.",
          "fullFile": "",
          "file": "",
          "beforeHooks": [],
          "afterHooks": [],
          "tests": [
            {
              "title": "Verifica se o botão tem o `id` denominado `clear-board`",
              "fullTitle": "9 - Crie um botão que, ao ser clicado, limpa o quadro preenchendo a cor de todos seus pixels com branco. Verifica se o botão tem o `id` denominado `clear-board`",
              "timedOut": null,
              "duration": 4266,
              "state": "failed",
              "speed": null,
              "pass": false,
              "fail": true,
              "pending": false,
              "context": null,
              "code": "cy.get('#clear-board').should('be.visible');",
              "err": {
                "message": "CypressError: Timed out retrying: Expected to find element: '#clear-board', but never found it.",
                "estack": "CypressError: Timed out retrying: Expected to find element: '#clear-board', but never found it.\n    at cypressErr (http://localhost:37013/__cypress/runner/cypress_runner.js:149934:9)\n    at throwErr (http://localhost:37013/__cypress/runner/cypress_runner.js:149867:11)\n    at Object.throwErrByPath (http://localhost:37013/__cypress/runner/cypress_runner.js:149915:3)\n    at retry (http://localhost:37013/__cypress/runner/cypress_runner.js:144197:19)\n    at onFailFn (http://localhost:37013/__cypress/runner/cypress_runner.js:132448:16)\n    at tryCatcher (http://localhost:37013/__cypress/runner/cypress_runner.js:167415:23)\n    at Promise._settlePromiseFromHandler (http://localhost:37013/__cypress/runner/cypress_runner.js:165351:31)\n    at Promise._settlePromise (http://localhost:37013/__cypress/runner/cypress_runner.js:165408:18)\n    at Promise._settlePromise0 (http://localhost:37013/__cypress/runner/cypress_runner.js:165453:10)\n    at Promise._settlePromises (http://localhost:37013/__cypress/runner/cypress_runner.js:165528:18)\n    at Async../node_modules/bluebird/js/release/async.js.Async._drainQueue (http://localhost:37013/__cypress/runner/cypress_runner.js:162140:16)\n    at Async../node_modules/bluebird/js/release/async.js.Async._drainQueues (http://localhost:37013/__cypress/runner/cypress_runner.js:162150:10)\n    at Async.drainQueues (http://localhost:37013/__cypress/runner/cypress_runner.js:162024:14)",
                "diff": null
              },
              "uuid": "a6a6337b-6662-428c-b791-cc297cdbbb8e",
              "parentUUID": "dccf816e-4782-4e0e-b37d-e84e1b9e660d",
              "isHook": false,
              "skipped": false
            },
            {
              "title": "Verifica se o botão está posicionado entre a paleta de cores e o quadro de pixels",
              "fullTitle": "9 - Crie um botão que, ao ser clicado, limpa o quadro preenchendo a cor de todos seus pixels com branco. Verifica se o botão está posicionado entre a paleta de cores e o quadro de pixels",
              "timedOut": null,
              "duration": 4243,
              "state": "failed",
              "speed": null,
              "pass": false,
              "fail": true,
              "pending": false,
              "context": null,
              "code": "cy.get('#color-palette').then(function (palette) {\n  cy.get('#clear-board').should('be.belowOf', palette);\n});\ncy.get('#clear-board').then(function (clearBtn) {\n  cy.get('#pixel-board').should('be.belowOf', clearBtn);\n});",
              "err": {
                "message": "CypressError: Timed out retrying: Expected to find element: '#color-palette', but never found it.",
                "estack": "CypressError: Timed out retrying: Expected to find element: '#color-palette', but never found it.\n    at cypressErr (http://localhost:37013/__cypress/runner/cypress_runner.js:149934:9)\n    at throwErr (http://localhost:37013/__cypress/runner/cypress_runner.js:149867:11)\n    at Object.throwErrByPath (http://localhost:37013/__cypress/runner/cypress_runner.js:149915:3)\n    at retry (http://localhost:37013/__cypress/runner/cypress_runner.js:144197:19)\n    at onFailFn (http://localhost:37013/__cypress/runner/cypress_runner.js:132448:16)\n    at tryCatcher (http://localhost:37013/__cypress/runner/cypress_runner.js:167415:23)\n    at Promise._settlePromiseFromHandler (http://localhost:37013/__cypress/runner/cypress_runner.js:165351:31)\n    at Promise._settlePromise (http://localhost:37013/__cypress/runner/cypress_runner.js:165408:18)\n    at Promise._settlePromise0 (http://localhost:37013/__cypress/runner/cypress_runner.js:165453:10)\n    at Promise._settlePromises (http://localhost:37013/__cypress/runner/cypress_runner.js:165528:18)\n    at Async../node_modules/bluebird/js/release/async.js.Async._drainQueue (http://localhost:37013/__cypress/runner/cypress_runner.js:162140:16)\n    at Async../node_modules/bluebird/js/release/async.js.Async._drainQueues (http://localhost:37013/__cypress/runner/cypress_runner.js:162150:10)\n    at Async.drainQueues (http://localhost:37013/__cypress/runner/cypress_runner.js:162024:14)",
                "diff": null
              },
              "uuid": "e81f5724-a520-4cbe-a8f8-b1831e95aeb3",
              "parentUUID": "dccf816e-4782-4e0e-b37d-e84e1b9e660d",
              "isHook": false,
              "skipped": false
            },
            {
              "title": "Verifica se o texto do botão é 'Limpar'",
              "fullTitle": "9 - Crie um botão que, ao ser clicado, limpa o quadro preenchendo a cor de todos seus pixels com branco. Verifica se o texto do botão é 'Limpar'",
              "timedOut": null,
              "duration": 4260,
              "state": "failed",
              "speed": null,
              "pass": false,
              "fail": true,
              "pending": false,
              "context": null,
              "code": "cy.get('#clear-board').should('contain.text', 'Limpar');",
              "err": {
                "message": "CypressError: Timed out retrying: Expected to find element: '#clear-board', but never found it.",
                "estack": "CypressError: Timed out retrying: Expected to find element: '#clear-board', but never found it.\n    at cypressErr (http://localhost:37013/__cypress/runner/cypress_runner.js:149934:9)\n    at throwErr (http://localhost:37013/__cypress/runner/cypress_runner.js:149867:11)\n    at Object.throwErrByPath (http://localhost:37013/__cypress/runner/cypress_runner.js:149915:3)\n    at retry (http://localhost:37013/__cypress/runner/cypress_runner.js:144197:19)\n    at onFailFn (http://localhost:37013/__cypress/runner/cypress_runner.js:132448:16)\n    at tryCatcher (http://localhost:37013/__cypress/runner/cypress_runner.js:167415:23)\n    at Promise._settlePromiseFromHandler (http://localhost:37013/__cypress/runner/cypress_runner.js:165351:31)\n    at Promise._settlePromise (http://localhost:37013/__cypress/runner/cypress_runner.js:165408:18)\n    at Promise._settlePromise0 (http://localhost:37013/__cypress/runner/cypress_runner.js:165453:10)\n    at Promise._settlePromises (http://localhost:37013/__cypress/runner/cypress_runner.js:165528:18)\n    at Async../node_modules/bluebird/js/release/async.js.Async._drainQueue (http://localhost:37013/__cypress/runner/cypress_runner.js:162140:16)\n    at Async../node_modules/bluebird/js/release/async.js.Async._drainQueues (http://localhost:37013/__cypress/runner/cypress_runner.js:162150:10)\n    at Async.drainQueues (http://localhost:37013/__cypress/runner/cypress_runner.js:162024:14)",
                "diff": null
              },
              "uuid": "4703552e-a06c-439c-bbd4-cbe3d3025bef",
              "parentUUID": "dccf816e-4782-4e0e-b37d-e84e1b9e660d",
              "isHook": false,
              "skipped": false
            },
            {
              "title": "Verifica se ao clicar no botão, o quadro de pixels é totalmente preenchido de branco",
              "fullTitle": "9 - Crie um botão que, ao ser clicado, limpa o quadro preenchendo a cor de todos seus pixels com branco. Verifica se ao clicar no botão, o quadro de pixels é totalmente preenchido de branco",
              "timedOut": null,
              "duration": 4251,
              "state": "failed",
              "speed": null,
              "pass": false,
              "fail": true,
              "pending": false,
              "context": null,
              "code": "cy.get('.color').eq(1).then(function (color) {\n  var backgroundColor = color.css('background-color');\n  cy.wrap(color).click();\n  cy.get('.pixel').each(function (pixel) {\n    cy.wrap(pixel).click().should('have.css', 'background-color', backgroundColor);\n  });\n});\ncy.get('#clear-board').click();\ncy.get('.pixel').each(function (pixel) {\n  cy.wrap(pixel).should('have.css', 'background-color', WHITE);\n});",
              "err": {
                "message": "CypressError: Timed out retrying: Expected to find element: '.color', but never found it.",
                "estack": "CypressError: Timed out retrying: Expected to find element: '.color', but never found it.\n    at cypressErr (http://localhost:37013/__cypress/runner/cypress_runner.js:149934:9)\n    at throwErr (http://localhost:37013/__cypress/runner/cypress_runner.js:149867:11)\n    at Object.throwErrByPath (http://localhost:37013/__cypress/runner/cypress_runner.js:149915:3)\n    at retry (http://localhost:37013/__cypress/runner/cypress_runner.js:144197:19)\n    at onFailFn (http://localhost:37013/__cypress/runner/cypress_runner.js:132448:16)\n    at tryCatcher (http://localhost:37013/__cypress/runner/cypress_runner.js:167415:23)\n    at Promise._settlePromiseFromHandler (http://localhost:37013/__cypress/runner/cypress_runner.js:165351:31)\n    at Promise._settlePromise (http://localhost:37013/__cypress/runner/cypress_runner.js:165408:18)\n    at Promise._settlePromise0 (http://localhost:37013/__cypress/runner/cypress_runner.js:165453:10)\n    at Promise._settlePromises (http://localhost:37013/__cypress/runner/cypress_runner.js:165528:18)\n    at Async../node_modules/bluebird/js/release/async.js.Async._drainQueue (http://localhost:37013/__cypress/runner/cypress_runner.js:162140:16)\n    at Async../node_modules/bluebird/js/release/async.js.Async._drainQueues (http://localhost:37013/__cypress/runner/cypress_runner.js:162150:10)\n    at Async.drainQueues (http://localhost:37013/__cypress/runner/cypress_runner.js:162024:14)",
                "diff": null
              },
              "uuid": "fd4974de-9bd0-47ed-8240-b534d56d9e5f",
              "parentUUID": "dccf816e-4782-4e0e-b37d-e84e1b9e660d",
              "isHook": false,
              "skipped": false
            }
          ],
          "suites": [],
          "passes": [],
          "failures": [
            "a6a6337b-6662-428c-b791-cc297cdbbb8e",
            "e81f5724-a520-4cbe-a8f8-b1831e95aeb3",
            "4703552e-a06c-439c-bbd4-cbe3d3025bef",
            "fd4974de-9bd0-47ed-8240-b534d56d9e5f"
          ],
          "pending": [],
          "skipped": [],
          "duration": 17020,
          "root": false,
          "rootEmpty": false,
          "_timeout": 2000
        },
        {
          "uuid": "c4940c77-ccdb-4bfc-94ad-431ba27393eb",
          "title": "10 - Faça o quadro de pixels ter seu tamanho definido pelo usuário.",
          "fullFile": "",
          "file": "",
          "beforeHooks": [],
          "afterHooks": [],
          "tests": [
            {
              "title": "Verifica se existe um input com o id `board-size`",
              "fullTitle": "10 - Faça o quadro de pixels ter seu tamanho definido pelo usuário. Verifica se existe um input com o id `board-size`",
              "timedOut": null,
              "duration": 4315,
              "state": "failed",
              "speed": null,
              "pass": false,
              "fail": true,
              "pending": false,
              "context": null,
              "code": "cy.get('#board-size').should('be.visible');",
              "err": {
                "message": "CypressError: Timed out retrying: Expected to find element: '#board-size', but never found it.",
[...]
                "diff": null
              },
              "uuid": "6651a5f8-7c8a-40e6-b290-1dc4b71105e0",
              "parentUUID": "c4940c77-ccdb-4bfc-94ad-431ba27393eb",
              "isHook": false,
              "skipped": false
            },
            {
              "title": "Verifica se o novo quadro tem todos os pixels preenchidos com a cor branca",
              "fullTitle": "10 - Faça o quadro de pixels ter seu tamanho definido pelo usuário. Verifica se o novo quadro tem todos os pixels preenchidos com a cor branca",
              "timedOut": null,
              "duration": 4271,
              "state": "failed",
              "speed": null,
              "pass": false,
              "fail": true,
              "pending": false,
              "context": null,
              "code": "cy.get('#board-size').clear().type(6);\ncy.get('#generate-board').click();\ncy.get('.pixel').should('have.length', 36).each(function (pixel) {\n  expect(pixel).to.have.css('background-color', WHITE);\n});",
              "err": {
                "message": "CypressError: Timed out retrying: Expected to find element: '#board-size', but never found it.",
                "estack": "CypressError: Timed out retrying: Expected to find element: '#board-size', but never found it.\n    at cypressErr (http://localhost:37013/__cypress/runner/cypress_runner.js:149934:9)\n    at throwErr (http://localhost:37013/__cypress/runner/cypress_runner.js:149867:11)\n    at Object.throwErrByPath (http://localhost:37013/__cypress/runner/cypress_runner.js:149915:3)\n    at retry (http://localhost:37013/__cypress/runner/cypress_runner.js:144197:19)\n    at onFailFn (http://localhost:37013/__cypress/runner/cypress_runner.js:132448:16)\n    at tryCatcher (http://localhost:37013/__cypress/runner/cypress_runner.js:167415:23)\n    at Promise._settlePromiseFromHandler (http://localhost:37013/__cypress/runner/cypress_runner.js:165351:31)\n    at Promise._settlePromise (http://localhost:37013/__cypress/runner/cypress_runner.js:165408:18)\n    at Promise._settlePromise0 (http://localhost:37013/__cypress/runner/cypress_runner.js:165453:10)\n    at Promise._settlePromises (http://localhost:37013/__cypress/runner/cypress_runner.js:165528:18)\n    at Async../node_modules/bluebird/js/release/async.js.Async._drainQueue (http://localhost:37013/__cypress/runner/cypress_runner.js:162140:16)\n    at Async../node_modules/bluebird/js/release/async.js.Async._drainQueues (http://localhost:37013/__cypress/runner/cypress_runner.js:162150:10)\n    at Async.drainQueues (http://localhost:37013/__cypress/runner/cypress_runner.js:162024:14)",
                "diff": null
              },
              "uuid": "59c7c2f9-ff07-4d44-90f2-eec8f965abcd",
              "parentUUID": "c4940c77-ccdb-4bfc-94ad-431ba27393eb",
              "isHook": false,
              "skipped": false
            }
          ],
          "suites": [],
          "passes": [],
          "failures": [
            "1594e63b-ccc9-4ca5-bf1c-0357fc0b2f6f",
            "630fa896-7bf4-49f6-9c91-3c65a096dfae",
            "2d2dbbaa-7196-4b51-8123-a8a9163baf3e",
            "e33fd19f-f3c3-4d1b-94de-bfa397b098a7",
            "7b47fd4b-7f8b-4525-971e-e15939b88679",
            "52415567-5b33-4e5e-8184-c81c746f68e6",
            "ea7e7ec5-cb5e-461e-af9a-7921923dbc30",
            "6651a5f8-7c8a-40e6-b290-1dc4b71105e0",
            "59c7c2f9-ff07-4d44-90f2-eec8f965abcd"
          ],
          "pending": [],
          "skipped": [],
          "duration": 38549,
          "root": false,
          "rootEmpty": false,
          "_timeout": 2000
        },
        {
          "uuid": "170e9f7b-36c5-429c-b55b-72748ea4d7be",
          "title": "11 - Limite o tamanho mínimo e máximo do board.",
          "fullFile": "",
          "file": "",
          "beforeHooks": [],
          "afterHooks": [],
          "tests": [
            {
              "title": "Verifica se a altura máxima do board é 50",
              "fullTitle": "11 - Limite o tamanho mínimo e máximo do board. Verifica se a altura máxima do board é 50",
              "timedOut": null,
              "duration": 4317,
              "state": "failed",
              "speed": null,
              "pass": false,
              "fail": true,
              "pending": false,
              "context": null,
              "code": "cy.get('#board-size').clear().type(50);\ncy.get('#generate-board').click();\ncy.get('.pixel').should('have.length', 2500);",
              "err": {
                "message": "CypressError: Timed out retrying: Expected to find element: '#board-size', but never found it.",
                "estack": "CypressError: Timed out retrying: Expected to find element: '#board-size', but never found it.\n    at cypressErr (http://localhost:37013/__cypress/runner/cypress_runner.js:149934:9)\n    at throwErr (http://localhost:37013/__cypress/runner/cypress_runner.js:149867:11)\n    at Object.throwErrByPath (http://localhost:37013/__cypress/runner/cypress_runner.js:149915:3)\n    at retry (http://localhost:37013/__cypress/runner/cypress_runner.js:144197:19)\n    at onFailFn (http://localhost:37013/__cypress/runner/cypress_runner.js:132448:16)\n    at tryCatcher (http://localhost:37013/__cypress/runner/cypress_runner.js:167415:23)\n    at Promise._settlePromiseFromHandler (http://localhost:37013/__cypress/runner/cypress_runner.js:165351:31)\n    at Promise._settlePromise (http://localhost:37013/__cypress/runner/cypress_runner.js:165408:18)\n    at Promise._settlePromise0 (http://localhost:37013/__cypress/runner/cypress_runner.js:165453:10)\n    at Promise._settlePromises (http://localhost:37013/__cypress/runner/cypress_runner.js:165528:18)\n    at Async../node_modules/bluebird/js/release/async.js.Async._drainQueue (http://localhost:37013/__cypress/runner/cypress_runner.js:162140:16)\n    at Async../node_modules/bluebird/js/release/async.js.Async._drainQueues (http://localhost:37013/__cypress/runner/cypress_runner.js:162150:10)\n    at Async.drainQueues (http://localhost:37013/__cypress/runner/cypress_runner.js:162024:14)",
                "diff": null
              },
              "uuid": "56063fab-f7e7-49d6-9444-968d1bfd3707",
              "parentUUID": "170e9f7b-36c5-429c-b55b-72748ea4d7be",
              "isHook": false,
              "skipped": false
            },
            {
              "title": "Verifica se a altura do board é 5 quando um valor menor é colocado no input",
              "fullTitle": "11 - Limite o tamanho mínimo e máximo do board. Verifica se a altura do board é 5 quando um valor menor é colocado no input",
              "timedOut": null,
              "duration": 4318,
              "state": "failed",
              "speed": null,
              "pass": false,
              "fail": true,
              "pending": false,
              "context": null,
              "code": "cy.get('#board-size').clear().type(4);\ncy.get('#generate-board').click();\ncy.get('.pixel').should('have.length', 25);",
              "err": {
                "message": "CypressError: Timed out retrying: Expected to find element: '#board-size', but never found it.",
                "estack": "CypressError: Timed out retrying: Expected to find element: '#board-size', but never found it.\n    at cypressErr (http://localhost:37013/__cypress/runner/cypress_runner.js:149934:9)\n    at throwErr (http://localhost:37013/__cypress/runner/cypress_runner.js:149867:11)\n    at Object.throwErrByPath (http://localhost:37013/__cypress/runner/cypress_runner.js:149915:3)\n    at retry (http://localhost:37013/__cypress/runner/cypress_runner.js:144197:19)\n    at onFailFn (http://localhost:37013/__cypress/runner/cypress_runner.js:132448:16)\n    at tryCatcher (http://localhost:37013/__cypress/runner/cypress_runner.js:167415:23)\n    at Promise._settlePromiseFromHandler (http://localhost:37013/__cypress/runner/cypress_runner.js:165351:31)\n    at Promise._settlePromise (http://localhost:37013/__cypress/runner/cypress_runner.js:165408:18)\n    at Promise._settlePromise0 (http://localhost:37013/__cypress/runner/cypress_runner.js:165453:10)\n    at Promise._settlePromises (http://localhost:37013/__cypress/runner/cypress_runner.js:165528:18)\n    at Async../node_modules/bluebird/js/release/async.js.Async._drainQueue (http://localhost:37013/__cypress/runner/cypress_runner.js:162140:16)\n    at Async../node_modules/bluebird/js/release/async.js.Async._drainQueues (http://localhost:37013/__cypress/runner/cypress_runner.js:162150:10)\n    at Async.drainQueues (http://localhost:37013/__cypress/runner/cypress_runner.js:162024:14)",
                "diff": null
              },
              "uuid": "565d5063-b565-4d86-9b95-af5d0f8f694a",
              "parentUUID": "170e9f7b-36c5-429c-b55b-72748ea4d7be",
              "isHook": false,
              "skipped": false
            },
            {
              "title": "Verifica se a altura do board é 50 quando um valor maior é colocado no input",
              "fullTitle": "11 - Limite o tamanho mínimo e máximo do board. Verifica se a altura do board é 50 quando um valor maior é colocado no input",
              "timedOut": null,
              "duration": 4307,
              "state": "failed",
              "speed": null,
              "pass": false,
              "fail": true,
              "pending": false,
              "context": null,
              "code": "cy.get('#board-size').clear().type(51);\ncy.get('#generate-board').click();\ncy.get('.pixel').should('have.length', 2500);",
              "err": {
                "message": "CypressError: Timed out retrying: Expected to find element: '#board-size', but never found it.",
                "estack": "CypressError: Timed out retrying: Expected to find element: '#board-size', but never found it.\n    at cypressErr (http://localhost:37013/__cypress/runner/cypress_runner.js:149934:9)\n    at throwErr (http://localhost:37013/__cypress/runner/cypress_runner.js:149867:11)\n    at Object.throwErrByPath (http://localhost:37013/__cypress/runner/cypress_runner.js:149915:3)\n    at retry (http://localhost:37013/__cypress/runner/cypress_runner.js:144197:19)\n    at onFailFn (http://localhost:37013/__cypress/runner/cypress_runner.js:132448:16)\n    at tryCatcher (http://localhost:37013/__cypress/runner/cypress_runner.js:167415:23)\n    at Promise._settlePromiseFromHandler (http://localhost:37013/__cypress/runner/cypress_runner.js:165351:31)\n    at Promise._settlePromise (http://localhost:37013/__cypress/runner/cypress_runner.js:165408:18)\n    at Promise._settlePromise0 (http://localhost:37013/__cypress/runner/cypress_runner.js:165453:10)\n    at Promise._settlePromises (http://localhost:37013/__cypress/runner/cypress_runner.js:165528:18)\n    at Async../node_modules/bluebird/js/release/async.js.Async._drainQueue (http://localhost:37013/__cypress/runner/cypress_runner.js:162140:16)\n    at Async../node_modules/bluebird/js/release/async.js.Async._drainQueues (http://localhost:37013/__cypress/runner/cypress_runner.js:162150:10)\n    at Async.drainQueues (http://localhost:37013/__cypress/runner/cypress_runner.js:162024:14)",
                "diff": null
              },
              "uuid": "d01ddf40-6445-4d02-9847-d148f48d9a0a",
              "parentUUID": "170e9f7b-36c5-429c-b55b-72748ea4d7be",
              "isHook": false,
              "skipped": false
            }
          ],
          "suites": [],
          "passes": [],
          "failures": [
            "56063fab-f7e7-49d6-9444-968d1bfd3707",
            "565d5063-b565-4d86-9b95-af5d0f8f694a",
            "d01ddf40-6445-4d02-9847-d148f48d9a0a"
          ],
          "pending": [],
          "skipped": [],
          "duration": 12942,
          "root": false,
          "rootEmpty": false,
          "_timeout": 2000
        },
        {
          "uuid": "64e819fe-44eb-40a9-b0fc-0eacb4b0f1b7",
          "title": "12 - Faça com que as cores da paleta sejam geradas aleatoriamente ao carregar a página.",
          "fullFile": "",
          "file": "",
          "beforeHooks": [],
          "afterHooks": [],
          "tests": [
            {
              "title": "Verifica se as cores geradas na paleta são diferentes a cada carregamento da página",
              "fullTitle": "12 - Faça com que as cores da paleta sejam geradas aleatoriamente ao carregar a página. Verifica se as cores geradas na paleta são diferentes a cada carregamento da página",
              "timedOut": null,
              "duration": 4315,
              "state": "failed",
              "speed": null,
              "pass": false,
              "fail": true,
              "pending": false,
              "context": null,
              "code": "cy.get('.color').then(function (colors) {\n  var currentColors;\n  var previousColors;\n  previousColors = Array.from(colors).map(function (color) {\n    return Cypress.$(color).css('background-color');\n  });\n  for (var i = 0; i < 5; i += 1) {\n    cy.reload();\n    cy.get('.color').then(function (colors) {\n      currentColors = Array.from(colors).map(function (color) {\n        return Cypress.$(color).css('background-color');\n      });\n      expect(currentColors).not.to.deep.equal(previousColors);\n      previousColors = currentColors;\n    });\n  }\n});",
              "err": {
                "message": "CypressError: Timed out retrying: Expected to find element: '.color', but never found it.",
                "estack": "CypressError: Timed out retrying: Expected to find element: '.color', but never found it.\n    at cypressErr (http://localhost:37013/__cypress/runner/cypress_runner.js:149934:9)\n    at throwErr (http://localhost:37013/__cypress/runner/cypress_runner.js:149867:11)\n    at Object.throwErrByPath (http://localhost:37013/__cypress/runner/cypress_runner.js:149915:3)\n    at retry (http://localhost:37013/__cypress/runner/cypress_runner.js:144197:19)\n    at onFailFn (http://localhost:37013/__cypress/runner/cypress_runner.js:132448:16)\n    at tryCatcher (http://localhost:37013/__cypress/runner/cypress_runner.js:167415:23)\n    at Promise._settlePromiseFromHandler (http://localhost:37013/__cypress/runner/cypress_runner.js:165351:31)\n    at Promise._settlePromise (http://localhost:37013/__cypress/runner/cypress_runner.js:165408:18)\n    at Promise._settlePromise0 (http://localhost:37013/__cypress/runner/cypress_runner.js:165453:10)\n    at Promise._settlePromises (http://localhost:37013/__cypress/runner/cypress_runner.js:165528:18)\n    at Async../node_modules/bluebird/js/release/async.js.Async._drainQueue (http://localhost:37013/__cypress/runner/cypress_runner.js:162140:16)\n    at Async../node_modules/bluebird/js/release/async.js.Async._drainQueues (http://localhost:37013/__cypress/runner/cypress_runner.js:162150:10)\n    at Async.drainQueues (http://localhost:37013/__cypress/runner/cypress_runner.js:162024:14)",
                "diff": null
              },
              "uuid": "278abf9b-4ca7-436f-992d-8f46bd6fa259",
              "parentUUID": "64e819fe-44eb-40a9-b0fc-0eacb4b0f1b7",
              "isHook": false,
              "skipped": false
            },
            {
              "title": "Verifica se a cor preta ainda está presente e é a primeira na sua paleta de cores",
              "fullTitle": "12 - Faça com que as cores da paleta sejam geradas aleatoriamente ao carregar a página. Verifica se a cor preta ainda está presente e é a primeira na sua paleta de cores",
              "timedOut": null,
              "duration": 4270,
              "state": "failed",
              "speed": null,
              "pass": false,
              "fail": true,
              "pending": false,
              "context": null,
              "code": "cy.get('.color').then(function (colors) {\n  var currentColors;\n  var previousColors;\n  previousColors = Array.from(colors).map(function (color) {\n    return Cypress.$(color).css('background-color');\n  });\n  expect(previousColors[0]).to.eq(BLACK);\n  for (var i = 0; i < 5; i += 1) {\n    cy.reload();\n    cy.get('.color').then(function (colors) {\n      currentColors = Array.from(colors).map(function (color) {\n        return Cypress.$(color).css('background-color');\n      });\n      expect(currentColors[0]).to.eq(BLACK);\n      expect(currentColors).not.to.deep.equal(previousColors);\n      previousColors = currentColors;\n    });\n  }\n});",
              "err": {
                "message": "CypressError: Timed out retrying: Expected to find element: '.color', but never found it.",
                "estack": "CypressError: Timed out retrying: Expected to find element: '.color', but never found it.\n    at cypressErr (http://localhost:37013/__cypress/runner/cypress_runner.js:149934:9)\n    at throwErr (http://localhost:37013/__cypress/runner/cypress_runner.js:149867:11)\n    at Object.throwErrByPath (http://localhost:37013/__cypress/runner/cypress_runner.js:149915:3)\n    at retry (http://localhost:37013/__cypress/runner/cypress_runner.js:144197:19)\n    at onFailFn (http://localhost:37013/__cypress/runner/cypress_runner.js:132448:16)\n    at tryCatcher (http://localhost:37013/__cypress/runner/cypress_runner.js:167415:23)\n    at Promise._settlePromiseFromHandler (http://localhost:37013/__cypress/runner/cypress_runner.js:165351:31)\n    at Promise._settlePromise (http://localhost:37013/__cypress/runner/cypress_runner.js:165408:18)\n    at Promise._settlePromise0 (http://localhost:37013/__cypress/runner/cypress_runner.js:165453:10)\n    at Promise._settlePromises (http://localhost:37013/__cypress/runner/cypress_runner.js:165528:18)\n    at Async../node_modules/bluebird/js/release/async.js.Async._drainQueue (http://localhost:37013/__cypress/runner/cypress_runner.js:162140:16)\n    at Async../node_modules/bluebird/js/release/async.js.Async._drainQueues (http://localhost:37013/__cypress/runner/cypress_runner.js:162150:10)\n    at Async.drainQueues (http://localhost:37013/__cypress/runner/cypress_runner.js:162024:14)",
                "diff": null
              },
              "uuid": "4091d291-d451-45b6-afbb-0b50fe5fa9b5",
              "parentUUID": "64e819fe-44eb-40a9-b0fc-0eacb4b0f1b7",
              "isHook": false,
              "skipped": false
            }
          ],
          "suites": [],
          "passes": [],
          "failures": [
            "278abf9b-4ca7-436f-992d-8f46bd6fa259",
            "4091d291-d451-45b6-afbb-0b50fe5fa9b5"
          ],
          "pending": [],
          "skipped": [],
          "duration": 8585,
          "root": false,
          "rootEmpty": false,
          "_timeout": 2000
        }
      ],
      "passes": [],
      "failures": [],
      "pending": [],
      "skipped": [],
      "duration": 0,
      "root": true,
      "rootEmpty": true,
      "_timeout": 2000
    }
  ],
  "meta": {
    "mocha": {
      "version": "7.0.1"
    },
    "mochawesome": {
      "options": {
        "quiet": false,
        "reportFilename": "mochawesome",
        "saveHtml": false,
        "saveJson": true,
        "consoleReporter": "spec",
        "useInlineDiffs": false
      },
      "version": "4.1.0"
    },
    "marge": {
      "options": {
        "id": "default",
        "reportDir": "cypress/reports",
        "overwrite": true,
        "html": false,
        "json": true
      },
      "version": "4.1.0"
    }
  }
}